{"D:\\CursoDevU\\3-React-TypeScript\\15-adminitrador-de-productos\\rest_api_node_ts_server\\src\\router.ts": {"path":"D:\\CursoDevU\\3-React-TypeScript\\15-adminitrador-de-productos\\rest_api_node_ts_server\\src\\router.ts","statementMap":{"0":{"start":{"line":2,"column":0},"end":{"line":2,"column":33}},"1":{"start":{"line":3,"column":0},"end":{"line":3,"column":139}},"2":{"start":{"line":4,"column":0},"end":{"line":4,"column":48}},"3":{"start":{"line":5,"column":0},"end":{"line":5,"column":55}},"4":{"start":{"line":7,"column":15},"end":{"line":7,"column":23}},"5":{"start":{"line":10,"column":0},"end":{"line":10,"column":29}},"6":{"start":{"line":12,"column":0},"end":{"line":20,"column":2}},"7":{"start":{"line":22,"column":0},"end":{"line":31,"column":2}},"8":{"start":{"line":28,"column":27},"end":{"line":28,"column":36}},"9":{"start":{"line":33,"column":0},"end":{"line":46,"column":2}},"10":{"start":{"line":41,"column":27},"end":{"line":41,"column":36}},"11":{"start":{"line":48,"column":0},"end":{"line":52,"column":2}},"12":{"start":{"line":54,"column":0},"end":{"line":59,"column":2}},"13":{"start":{"line":61,"column":0},"end":{"line":61,"column":22}}},"fnMap":{"0":{"name":"(anonymous_0)","decl":{"start":{"line":28,"column":16},"end":{"line":28,"column":17}},"loc":{"start":{"line":28,"column":27},"end":{"line":28,"column":36}}},"1":{"name":"(anonymous_1)","decl":{"start":{"line":41,"column":16},"end":{"line":41,"column":17}},"loc":{"start":{"line":41,"column":27},"end":{"line":41,"column":36}}}},"branchMap":{},"s":{"0":2,"1":2,"2":2,"3":2,"4":2,"5":2,"6":2,"7":2,"8":0,"9":2,"10":0,"11":2,"12":2,"13":2},"f":{"0":0,"1":0},"b":{}}
,"D:\\CursoDevU\\3-React-TypeScript\\15-adminitrador-de-productos\\rest_api_node_ts_server\\src\\server.ts": {"path":"D:\\CursoDevU\\3-React-TypeScript\\15-adminitrador-de-productos\\rest_api_node_ts_server\\src\\server.ts","statementMap":{"0":{"start":{"line":38,"column":17},"end":{"line":38,"column":26}},"1":{"start":{"line":1,"column":0},"end":{"line":1,"column":30}},"2":{"start":{"line":2,"column":0},"end":{"line":2,"column":26}},"3":{"start":{"line":3,"column":0},"end":{"line":3,"column":30}},"4":{"start":{"line":4,"column":0},"end":{"line":4,"column":34}},"5":{"start":{"line":6,"column":15},"end":{"line":6,"column":24}},"6":{"start":{"line":38,"column":9},"end":{"line":38,"column":15}},"7":{"start":{"line":9,"column":18},"end":{"line":9,"column":23}},"8":{"start":{"line":11,"column":1},"end":{"line":11,"column":25}},"9":{"start":{"line":11,"column":18},"end":{"line":11,"column":25}},"10":{"start":{"line":12,"column":1},"end":{"line":19,"column":2}},"11":{"start":{"line":13,"column":2},"end":{"line":13,"column":26}},"12":{"start":{"line":14,"column":2},"end":{"line":14,"column":33}},"13":{"start":{"line":15,"column":2},"end":{"line":15,"column":61}},"14":{"start":{"line":16,"column":2},"end":{"line":16,"column":21}},"15":{"start":{"line":18,"column":2},"end":{"line":18,"column":76}},"16":{"start":{"line":22,"column":0},"end":{"line":24,"column":1}},"17":{"start":{"line":23,"column":1},"end":{"line":23,"column":13}},"18":{"start":{"line":28,"column":0},"end":{"line":28,"column":27}},"19":{"start":{"line":30,"column":0},"end":{"line":30,"column":36}},"20":{"start":{"line":32,"column":0},"end":{"line":36,"column":3}},"21":{"start":{"line":33,"column":1},"end":{"line":35,"column":4}},"22":{"start":{"line":39,"column":0},"end":{"line":39,"column":22}}},"fnMap":{"0":{"name":"connectDB","decl":{"start":{"line":10,"column":15},"end":{"line":10,"column":24}},"loc":{"start":{"line":10,"column":24},"end":{"line":20,"column":1}}},"1":{"name":"(anonymous_2)","decl":{"start":{"line":32,"column":19},"end":{"line":32,"column":20}},"loc":{"start":{"line":32,"column":32},"end":{"line":36,"column":1}}}},"branchMap":{"0":{"loc":{"start":{"line":11,"column":1},"end":{"line":11,"column":25}},"type":"if","locations":[{"start":{"line":11,"column":1},"end":{"line":11,"column":25}},{"start":{},"end":{}}]},"1":{"loc":{"start":{"line":22,"column":0},"end":{"line":24,"column":1}},"type":"if","locations":[{"start":{"line":22,"column":0},"end":{"line":24,"column":1}},{"start":{},"end":{}}]}},"s":{"0":2,"1":2,"2":2,"3":2,"4":2,"5":2,"6":2,"7":2,"8":0,"9":0,"10":0,"11":0,"12":0,"13":0,"14":0,"15":0,"16":2,"17":0,"18":2,"19":2,"20":2,"21":0,"22":2},"f":{"0":0,"1":0},"b":{"0":[0,0],"1":[0,2]}}
,"D:\\CursoDevU\\3-React-TypeScript\\15-adminitrador-de-productos\\rest_api_node_ts_server\\src\\config\\db.ts": {"path":"D:\\CursoDevU\\3-React-TypeScript\\15-adminitrador-de-productos\\rest_api_node_ts_server\\src\\config\\db.ts","statementMap":{"0":{"start":{"line":1,"column":0},"end":{"line":1,"column":49}},"1":{"start":{"line":2,"column":0},"end":{"line":2,"column":28}},"2":{"start":{"line":5,"column":0},"end":{"line":5,"column":46}},"3":{"start":{"line":7,"column":0},"end":{"line":7,"column":16}},"4":{"start":{"line":13,"column":11},"end":{"line":30,"column":2}},"5":{"start":{"line":32,"column":0},"end":{"line":32,"column":18}}},"fnMap":{},"branchMap":{},"s":{"0":2,"1":2,"2":2,"3":2,"4":2,"5":2},"f":{},"b":{}}
,"D:\\CursoDevU\\3-React-TypeScript\\15-adminitrador-de-productos\\rest_api_node_ts_server\\src\\handlers\\product.handlers.ts": {"path":"D:\\CursoDevU\\3-React-TypeScript\\15-adminitrador-de-productos\\rest_api_node_ts_server\\src\\handlers\\product.handlers.ts","statementMap":{"0":{"start":{"line":2,"column":0},"end":{"line":2,"column":46}},"1":{"start":{"line":5,"column":27},"end":{"line":24,"column":1}},"2":{"start":{"line":7,"column":1},"end":{"line":23,"column":2}},"3":{"start":{"line":8,"column":19},"end":{"line":14,"column":4}},"4":{"start":{"line":16,"column":2},"end":{"line":16,"column":75}},"5":{"start":{"line":20,"column":2},"end":{"line":20,"column":70}},"6":{"start":{"line":22,"column":2},"end":{"line":22,"column":36}},"7":{"start":{"line":5,"column":13},"end":{"line":5,"column":27}},"8":{"start":{"line":26,"column":30},"end":{"line":41,"column":1}},"9":{"start":{"line":27,"column":1},"end":{"line":40,"column":2}},"10":{"start":{"line":28,"column":17},"end":{"line":28,"column":27}},"11":{"start":{"line":29,"column":18},"end":{"line":29,"column":44}},"12":{"start":{"line":31,"column":2},"end":{"line":33,"column":3}},"13":{"start":{"line":32,"column":3},"end":{"line":32,"column":68}},"14":{"start":{"line":34,"column":2},"end":{"line":34,"column":30}},"15":{"start":{"line":36,"column":2},"end":{"line":36,"column":70}},"16":{"start":{"line":37,"column":2},"end":{"line":37,"column":68}},"17":{"start":{"line":39,"column":2},"end":{"line":39,"column":36}},"18":{"start":{"line":26,"column":13},"end":{"line":26,"column":30}},"19":{"start":{"line":43,"column":29},"end":{"line":54,"column":1}},"20":{"start":{"line":44,"column":1},"end":{"line":53,"column":2}},"21":{"start":{"line":47,"column":18},"end":{"line":47,"column":48}},"22":{"start":{"line":48,"column":2},"end":{"line":48,"column":70}},"23":{"start":{"line":50,"column":2},"end":{"line":50,"column":57}},"24":{"start":{"line":52,"column":2},"end":{"line":52,"column":36}},"25":{"start":{"line":43,"column":13},"end":{"line":43,"column":29}},"26":{"start":{"line":56,"column":29},"end":{"line":85,"column":1}},"27":{"start":{"line":57,"column":1},"end":{"line":84,"column":2}},"28":{"start":{"line":58,"column":17},"end":{"line":58,"column":27}},"29":{"start":{"line":59,"column":18},"end":{"line":59,"column":44}},"30":{"start":{"line":60,"column":2},"end":{"line":60,"column":23}},"31":{"start":{"line":62,"column":2},"end":{"line":64,"column":3}},"32":{"start":{"line":63,"column":3},"end":{"line":63,"column":68}},"33":{"start":{"line":69,"column":2},"end":{"line":69,"column":31}},"34":{"start":{"line":70,"column":2},"end":{"line":70,"column":33}},"35":{"start":{"line":71,"column":2},"end":{"line":71,"column":47}},"36":{"start":{"line":72,"column":2},"end":{"line":72,"column":23}},"37":{"start":{"line":77,"column":2},"end":{"line":77,"column":23}},"38":{"start":{"line":78,"column":2},"end":{"line":78,"column":30}},"39":{"start":{"line":80,"column":2},"end":{"line":80,"column":62}},"40":{"start":{"line":81,"column":2},"end":{"line":81,"column":66}},"41":{"start":{"line":83,"column":2},"end":{"line":83,"column":36}},"42":{"start":{"line":56,"column":13},"end":{"line":56,"column":29}},"43":{"start":{"line":87,"column":34},"end":{"line":104,"column":1}},"44":{"start":{"line":88,"column":1},"end":{"line":103,"column":2}},"45":{"start":{"line":89,"column":17},"end":{"line":89,"column":27}},"46":{"start":{"line":90,"column":18},"end":{"line":90,"column":44}},"47":{"start":{"line":92,"column":2},"end":{"line":94,"column":3}},"48":{"start":{"line":93,"column":3},"end":{"line":93,"column":68}},"49":{"start":{"line":95,"column":2},"end":{"line":95,"column":58}},"50":{"start":{"line":97,"column":2},"end":{"line":97,"column":30}},"51":{"start":{"line":99,"column":2},"end":{"line":99,"column":62}},"52":{"start":{"line":100,"column":2},"end":{"line":100,"column":66}},"53":{"start":{"line":102,"column":2},"end":{"line":102,"column":36}},"54":{"start":{"line":87,"column":13},"end":{"line":87,"column":34}},"55":{"start":{"line":105,"column":29},"end":{"line":121,"column":1}},"56":{"start":{"line":106,"column":1},"end":{"line":120,"column":2}},"57":{"start":{"line":107,"column":17},"end":{"line":107,"column":27}},"58":{"start":{"line":108,"column":18},"end":{"line":108,"column":44}},"59":{"start":{"line":110,"column":2},"end":{"line":112,"column":3}},"60":{"start":{"line":111,"column":3},"end":{"line":111,"column":68}},"61":{"start":{"line":113,"column":2},"end":{"line":113,"column":26}},"62":{"start":{"line":114,"column":2},"end":{"line":114,"column":68}},"63":{"start":{"line":116,"column":2},"end":{"line":116,"column":62}},"64":{"start":{"line":117,"column":2},"end":{"line":117,"column":66}},"65":{"start":{"line":119,"column":2},"end":{"line":119,"column":36}},"66":{"start":{"line":105,"column":13},"end":{"line":105,"column":29}}},"fnMap":{"0":{"name":"(anonymous_1)","decl":{"start":{"line":5,"column":27},"end":{"line":5,"column":32}},"loc":{"start":{"line":5,"column":65},"end":{"line":24,"column":1}}},"1":{"name":"(anonymous_2)","decl":{"start":{"line":26,"column":30},"end":{"line":26,"column":35}},"loc":{"start":{"line":26,"column":68},"end":{"line":41,"column":1}}},"2":{"name":"(anonymous_3)","decl":{"start":{"line":43,"column":29},"end":{"line":43,"column":34}},"loc":{"start":{"line":43,"column":67},"end":{"line":54,"column":1}}},"3":{"name":"(anonymous_4)","decl":{"start":{"line":56,"column":29},"end":{"line":56,"column":34}},"loc":{"start":{"line":56,"column":67},"end":{"line":85,"column":1}}},"4":{"name":"(anonymous_5)","decl":{"start":{"line":87,"column":34},"end":{"line":87,"column":39}},"loc":{"start":{"line":87,"column":72},"end":{"line":104,"column":1}}},"5":{"name":"(anonymous_6)","decl":{"start":{"line":105,"column":29},"end":{"line":105,"column":34}},"loc":{"start":{"line":105,"column":67},"end":{"line":121,"column":1}}}},"branchMap":{"0":{"loc":{"start":{"line":31,"column":2},"end":{"line":33,"column":3}},"type":"if","locations":[{"start":{"line":31,"column":2},"end":{"line":33,"column":3}},{"start":{},"end":{}}]},"1":{"loc":{"start":{"line":62,"column":2},"end":{"line":64,"column":3}},"type":"if","locations":[{"start":{"line":62,"column":2},"end":{"line":64,"column":3}},{"start":{},"end":{}}]},"2":{"loc":{"start":{"line":92,"column":2},"end":{"line":94,"column":3}},"type":"if","locations":[{"start":{"line":92,"column":2},"end":{"line":94,"column":3}},{"start":{},"end":{}}]},"3":{"loc":{"start":{"line":110,"column":2},"end":{"line":112,"column":3}},"type":"if","locations":[{"start":{"line":110,"column":2},"end":{"line":112,"column":3}},{"start":{},"end":{}}]}},"s":{"0":2,"1":2,"2":0,"3":0,"4":0,"5":0,"6":0,"7":2,"8":2,"9":0,"10":0,"11":0,"12":0,"13":0,"14":0,"15":0,"16":0,"17":0,"18":2,"19":2,"20":0,"21":0,"22":0,"23":0,"24":0,"25":2,"26":2,"27":0,"28":0,"29":0,"30":0,"31":0,"32":0,"33":0,"34":0,"35":0,"36":0,"37":0,"38":0,"39":0,"40":0,"41":0,"42":2,"43":2,"44":0,"45":0,"46":0,"47":0,"48":0,"49":0,"50":0,"51":0,"52":0,"53":0,"54":2,"55":2,"56":0,"57":0,"58":0,"59":0,"60":0,"61":0,"62":0,"63":0,"64":0,"65":0,"66":2},"f":{"0":0,"1":0,"2":0,"3":0,"4":0,"5":0},"b":{"0":[0,0],"1":[0,0],"2":[0,0],"3":[0,0]}}
,"D:\\CursoDevU\\3-React-TypeScript\\15-adminitrador-de-productos\\rest_api_node_ts_server\\src\\middleware\\index.ts": {"path":"D:\\CursoDevU\\3-React-TypeScript\\15-adminitrador-de-productos\\rest_api_node_ts_server\\src\\middleware\\index.ts","statementMap":{"0":{"start":{"line":2,"column":0},"end":{"line":2,"column":53}},"1":{"start":{"line":3,"column":33},"end":{"line":10,"column":1}},"2":{"start":{"line":4,"column":16},"end":{"line":4,"column":37}},"3":{"start":{"line":5,"column":4},"end":{"line":8,"column":5}},"4":{"start":{"line":6,"column":8},"end":{"line":6,"column":null}},"5":{"start":{"line":9,"column":4},"end":{"line":9,"column":11}},"6":{"start":{"line":3,"column":13},"end":{"line":3,"column":33}}},"fnMap":{"0":{"name":"(anonymous_0)","decl":{"start":{"line":3,"column":33},"end":{"line":3,"column":34}},"loc":{"start":{"line":3,"column":87},"end":{"line":10,"column":1}}}},"branchMap":{"0":{"loc":{"start":{"line":5,"column":4},"end":{"line":8,"column":5}},"type":"if","locations":[{"start":{"line":5,"column":4},"end":{"line":8,"column":5}},{"start":{},"end":{}}]}},"s":{"0":2,"1":2,"2":0,"3":0,"4":0,"5":0,"6":2},"f":{"0":0},"b":{"0":[0,0]}}
,"D:\\CursoDevU\\3-React-TypeScript\\15-adminitrador-de-productos\\rest_api_node_ts_server\\src\\models\\Product.model.ts": {"path":"D:\\CursoDevU\\3-React-TypeScript\\15-adminitrador-de-productos\\rest_api_node_ts_server\\src\\models\\Product.model.ts","statementMap":{"0":{"start":{"line":1,"column":0},"end":{"line":1,"column":79}},"1":{"start":{"line":7,"column":0},"end":{"line":29,"column":null}},"2":{"start":{"line":17,"column":9},"end":{"line":17,"column":null}},"3":{"start":{"line":22,"column":9},"end":{"line":22,"column":null}},"4":{"start":{"line":28,"column":9},"end":{"line":28,"column":null}},"5":{"start":{"line":7,"column":6},"end":{"line":29,"column":null}},"6":{"start":{"line":31,"column":0},"end":{"line":31,"column":23}}},"fnMap":{},"branchMap":{},"s":{"0":3,"1":3,"2":3,"3":3,"4":3,"5":3,"6":3},"f":{},"b":{}}
}
